[15:41:51] [main/INFO]: Environment: authHost='https://authserver.mojang.com', accountsHost='https://api.mojang.com', sessionHost='https://sessionserver.mojang.com', servicesHost='https://api.minecraftservices.com', name='PROD'
[15:41:52] [main/WARN]: Ambiguity between arguments [teleport, destination] and [teleport, targets] with inputs: [Player, 0123, @e, dd12be42-52a9-4a91-a8a1-11c01849e498]
[15:41:52] [main/WARN]: Ambiguity between arguments [teleport, location] and [teleport, destination] with inputs: [0.1 -0.5 .9, 0 0 0]
[15:41:52] [main/WARN]: Ambiguity between arguments [teleport, location] and [teleport, targets] with inputs: [0.1 -0.5 .9, 0 0 0]
[15:41:52] [main/WARN]: Ambiguity between arguments [teleport, targets] and [teleport, destination] with inputs: [Player, 0123, dd12be42-52a9-4a91-a8a1-11c01849e498]
[15:41:52] [main/WARN]: Ambiguity between arguments [teleport, targets, location] and [teleport, targets, destination] with inputs: [0.1 -0.5 .9, 0 0 0]
[15:41:52] [main/INFO]: Reloading ResourceManager: Default
[15:41:53] [Worker-Main-9/INFO]: Loaded 7 recipes
[15:41:53] [Worker-Main-9/INFO]: Loaded 927 advancements
[15:41:55] [Server thread/INFO]: Starting minecraft server version 1.16.5
[15:41:55] [Server thread/INFO]: Loading properties
[15:41:55] [Server thread/INFO]: Default game type: SURVIVAL
[15:41:55] [Server thread/INFO]: Generating keypair
[15:41:55] [Server thread/INFO]: Starting Minecraft server on *:1337
[15:41:55] [Server thread/INFO]: Using epoll channel type
[15:41:56] [Server thread/INFO]: Preparing level "world"
[15:42:03] [Server thread/INFO]: Preparing start region for dimension minecraft:overworld
[15:42:04] [Worker-Main-8/INFO]: Preparing spawn area: 0%
[15:42:04] [Worker-Main-8/INFO]: Preparing spawn area: 0%
[15:42:04] [Worker-Main-8/INFO]: Preparing spawn area: 0%
[15:42:05] [Worker-Main-13/INFO]: Preparing spawn area: 0%
[15:42:05] [Worker-Main-12/INFO]: Preparing spawn area: 0%
[15:42:06] [Worker-Main-12/INFO]: Preparing spawn area: 0%
[15:42:06] [Worker-Main-10/INFO]: Preparing spawn area: 0%
[15:42:07] [Worker-Main-13/INFO]: Preparing spawn area: 0%
[15:42:07] [Worker-Main-10/INFO]: Preparing spawn area: 0%
[15:42:08] [Worker-Main-8/INFO]: Preparing spawn area: 0%
[15:42:08] [Worker-Main-8/INFO]: Preparing spawn area: 2%
[15:42:09] [Worker-Main-8/INFO]: Preparing spawn area: 3%
[15:42:09] [Worker-Main-10/INFO]: Preparing spawn area: 4%
[15:42:10] [Worker-Main-10/INFO]: Preparing spawn area: 5%
[15:42:10] [Worker-Main-12/INFO]: Preparing spawn area: 6%
[15:42:11] [Worker-Main-10/INFO]: Preparing spawn area: 7%
[15:42:11] [Worker-Main-11/INFO]: Preparing spawn area: 9%
[15:42:12] [Worker-Main-13/INFO]: Preparing spawn area: 9%
[15:42:12] [Worker-Main-9/INFO]: Preparing spawn area: 9%
[15:42:13] [Worker-Main-12/INFO]: Preparing spawn area: 13%
[15:42:13] [Worker-Main-14/INFO]: Preparing spawn area: 14%
[15:42:14] [Worker-Main-12/INFO]: Preparing spawn area: 15%
[15:42:14] [Worker-Main-14/INFO]: Preparing spawn area: 17%
[15:42:15] [Worker-Main-9/INFO]: Preparing spawn area: 18%
[15:42:15] [Worker-Main-8/INFO]: Preparing spawn area: 18%
[15:42:16] [Worker-Main-10/INFO]: Preparing spawn area: 23%
[15:42:16] [Worker-Main-12/INFO]: Preparing spawn area: 27%
[15:42:17] [Worker-Main-11/INFO]: Preparing spawn area: 30%
[15:42:17] [Worker-Main-13/INFO]: Preparing spawn area: 34%
[15:42:18] [Worker-Main-9/INFO]: Preparing spawn area: 39%
[15:42:18] [Worker-Main-10/INFO]: Preparing spawn area: 44%
[15:42:19] [Worker-Main-12/INFO]: Preparing spawn area: 47%
[15:42:19] [Worker-Main-12/INFO]: Preparing spawn area: 55%
[15:42:20] [Worker-Main-12/INFO]: Preparing spawn area: 58%
[15:42:20] [Worker-Main-14/INFO]: Preparing spawn area: 63%
[15:42:21] [Worker-Main-11/INFO]: Preparing spawn area: 70%
[15:42:21] [Worker-Main-14/INFO]: Preparing spawn area: 76%
[15:42:22] [Worker-Main-8/INFO]: Preparing spawn area: 83%
[15:42:22] [Worker-Main-9/INFO]: Preparing spawn area: 87%
[15:42:23] [Worker-Main-8/INFO]: Preparing spawn area: 95%
[15:42:23] [Server thread/INFO]: Time elapsed: 19853 ms
[15:42:23] [Server thread/INFO]: Done (27.437s)! For help, type "help"
[15:42:52] [Server thread/INFO]: /advancement (grant|revoke)
[15:42:52] [Server thread/INFO]: /attribute <target> <attribute> (base|get|modifier)
[15:42:52] [Server thread/INFO]: /ban <targets> [<reason>]
[15:42:52] [Server thread/INFO]: /ban-ip <target> [<reason>]
[15:42:52] [Server thread/INFO]: /banlist [ips|players]
[15:42:52] [Server thread/INFO]: /bossbar (add|get|list|remove|set)
[15:42:52] [Server thread/INFO]: /clear [<targets>]
[15:42:52] [Server thread/INFO]: /clone <begin> <end> <destination> [filtered|masked|replace]
[15:42:52] [Server thread/INFO]: /data (get|merge|modify|remove)
[15:42:52] [Server thread/INFO]: /datapack (disable|enable|list)
[15:42:52] [Server thread/INFO]: /debug (report|start|stop)
[15:42:52] [Server thread/INFO]: /defaultgamemode (adventure|creative|spectator|survival)
[15:42:52] [Server thread/INFO]: /deop <targets>
[15:42:52] [Server thread/INFO]: /difficulty [easy|hard|normal|peaceful]
[15:42:52] [Server thread/INFO]: /effect (clear|give)
[15:42:52] [Server thread/INFO]: /enchant <targets> <enchantment> [<level>]
[15:42:52] [Server thread/INFO]: /execute (align|anchored|as|at|facing|if|in|positioned|rotated|run|store|unless)
[15:42:52] [Server thread/INFO]: /experience (add|query|set)
[15:42:52] [Server thread/INFO]: /fill <from> <to> <block> [destroy|hollow|keep|outline|replace]
[15:42:52] [Server thread/INFO]: /forceload (add|query|remove)
[15:42:52] [Server thread/INFO]: /function <name>
[15:42:52] [Server thread/INFO]: /gamemode (adventure|creative|spectator|survival)
[15:42:52] [Server thread/INFO]: /gamerule (announceAdvancements|commandBlockOutput|disableElytraMovementCheck|disableRaids|doDaylightCycle|doEntityDrops|doFireTick|doImmediateRespawn|doInsomnia|doLimitedCrafting|doMobLoot|doMobSpawning|doPatrolSpawning|doTileDrops|doTraderSpawning|doWeatherCycle|drowningDamage|fallDamage|fireDamage|forgiveDeadPlayers|keepInventory|logAdminCommands|maxCommandChainLength|maxEntityCramming|mobGriefing|naturalRegeneration|randomTickSpeed|reducedDebugInfo|sendCommandFeedback|showDeathMessages|spawnRadius|spectatorsGenerateChunks|universalAnger)
[15:42:52] [Server thread/INFO]: /give <targets> <item> [<count>]
[15:42:52] [Server thread/INFO]: /help [<command>]
[15:42:52] [Server thread/INFO]: /kick <targets> [<reason>]
[15:42:52] [Server thread/INFO]: /kill [<targets>]
[15:42:52] [Server thread/INFO]: /list [uuids]
[15:42:52] [Server thread/INFO]: /locate (bastion_remnant|buried_treasure|desert_pyramid|endcity|fortress|igloo|jungle_pyramid|mansion|mineshaft|monument|nether_fossil|ocean_ruin|pillager_outpost|ruined_portal|shipwreck|stronghold|swamp_hut|village)
[15:42:52] [Server thread/INFO]: /locatebiome <biome>
[15:42:52] [Server thread/INFO]: /loot (give|insert|replace|spawn)
[15:42:52] [Server thread/INFO]: /me <action>
[15:42:52] [Server thread/INFO]: /msg <targets> <message>
[15:42:52] [Server thread/INFO]: /op <targets>
[15:42:52] [Server thread/INFO]: /pardon <targets>
[15:42:52] [Server thread/INFO]: /pardon-ip <target>
[15:42:52] [Server thread/INFO]: /particle <name> [<pos>]
[15:42:52] [Server thread/INFO]: /playsound <sound> (ambient|block|hostile|master|music|neutral|player|record|voice|weather)
[15:42:52] [Server thread/INFO]: /recipe (give|take)
[15:42:52] [Server thread/INFO]: /reload
[15:42:52] [Server thread/INFO]: /replaceitem (block|entity)
[15:42:52] [Server thread/INFO]: /save-all [flush]
[15:42:52] [Server thread/INFO]: /save-off
[15:42:52] [Server thread/INFO]: /save-on
[15:42:52] [Server thread/INFO]: /say <message>
[15:42:52] [Server thread/INFO]: /schedule (clear|function)
[15:42:52] [Server thread/INFO]: /scoreboard (objectives|players)
[15:42:52] [Server thread/INFO]: /seed
[15:42:52] [Server thread/INFO]: /setblock <pos> <block> [destroy|keep|replace]
[15:42:52] [Server thread/INFO]: /setidletimeout <minutes>
[15:42:52] [Server thread/INFO]: /setworldspawn [<pos>]
[15:42:52] [Server thread/INFO]: /spawnpoint [<targets>]
[15:42:52] [Server thread/INFO]: /spectate [<target>]
[15:42:52] [Server thread/INFO]: /spreadplayers <center> <spreadDistance> <maxRange> (under|<respectTeams>)
[15:42:52] [Server thread/INFO]: /stop
[15:42:52] [Server thread/INFO]: /stopsound <targets> [*|ambient|block|hostile|master|music|neutral|player|record|voice|weather]
[15:42:52] [Server thread/INFO]: /summon <entity> [<pos>]
[15:42:52] [Server thread/INFO]: /tag <targets> (add|list|remove)
[15:42:52] [Server thread/INFO]: /team (add|empty|join|leave|list|modify|remove)
[15:42:52] [Server thread/INFO]: /teammsg <message>
[15:42:52] [Server thread/INFO]: /teleport (<destination>|<location>|<targets>)
[15:42:52] [Server thread/INFO]: /tell -> msg
[15:42:52] [Server thread/INFO]: /tellraw <targets> <message>
[15:42:52] [Server thread/INFO]: /time (add|query|set)
[15:42:52] [Server thread/INFO]: /title <targets> (actionbar|clear|reset|subtitle|times|title)
[15:42:52] [Server thread/INFO]: /tm -> teammsg
[15:42:52] [Server thread/INFO]: /tp -> teleport
[15:42:52] [Server thread/INFO]: /trigger <objective> [add|set]
[15:42:52] [Server thread/INFO]: /w -> msg
[15:42:52] [Server thread/INFO]: /weather (clear|rain|thunder)
[15:42:52] [Server thread/INFO]: /whitelist (add|list|off|on|reload|remove)
[15:42:52] [Server thread/INFO]: /worldborder (add|center|damage|get|set|warning)
[15:42:52] [Server thread/INFO]: /xp -> experience
[15:43:53] [Server thread/INFO]: Unknown or incomplete command, see below for error
[15:43:53] [Server thread/INFO]: ...scoreboard<--[HERE]
[15:43:58] [Server thread/INFO]: Unknown or incomplete command, see below for error
[15:43:58] [Server thread/INFO]: scoreboard<--[HERE]
[15:46:17] [Server thread/INFO]: Stopping the server
[15:46:17] [Server thread/INFO]: Stopping server
[15:46:17] [Server thread/INFO]: Saving players
[15:46:17] [Server thread/INFO]: Saving worlds
[15:46:17] [Server thread/INFO]: Saving chunks for level 'ServerLevel[world]'/minecraft:overworld
[15:46:21] [Server thread/INFO]: ThreadedAnvilChunkStorage (world): All chunks are saved
[15:46:21] [Server thread/INFO]: Saving chunks for level 'ServerLevel[world]'/minecraft:the_nether
[15:46:21] [Server thread/INFO]: ThreadedAnvilChunkStorage (DIM-1): All chunks are saved
[15:46:21] [Server thread/INFO]: Saving chunks for level 'ServerLevel[world]'/minecraft:the_end
[15:46:21] [Server thread/INFO]: ThreadedAnvilChunkStorage (DIM1): All chunks are saved
[15:46:21] [Server thread/INFO]: ThreadedAnvilChunkStorage (world): All chunks are saved
[15:46:21] [Server thread/INFO]: ThreadedAnvilChunkStorage (DIM-1): All chunks are saved
[15:46:21] [Server thread/INFO]: ThreadedAnvilChunkStorage (DIM1): All chunks are saved
